<?xml version="1.0" encoding="UTF-8"?>
<!-- Generated by org.testng.reporters.JUnitReportReporter -->
<testsuite hostname="DESKTOP-M2LNHAO" failures="0" tests="1" name="com.projectname.qaTestCases.RegistrationTest" time="3.719" errors="0" timestamp="2022-10-10T14:41:24 PDT" skipped="0">
  <testcase classname="com.projectname.qaTestCases.RegistrationTest" name="facebookRegistrationPageTest" time="3.719"/>
  <system-out/>
</testsuite> <!-- com.projectname.qaTestCases.RegistrationTest -->
